<?xml version="1.0" encoding="UTF-8" ?>
<testsuite errors="0" failures="0" hostname="Joss-HP" name="org.trapo.CoordinadorCarreraTests" tests="1" time="0.37" timestamp="2012-11-16T02:15:29">
  <properties />
  <testcase classname="org.trapo.CoordinadorCarreraTests" name="testSomething" time="0.24" />
  <system-out><![CDATA[--Output from testSomething--
Estoy funcionando]]></system-out>
  <system-err><![CDATA[--Output from testSomething--
]]></system-err>
</testsuite>
