<?xml version="1.0" encoding="UTF-8" ?>
<testsuite errors="0" failures="1" hostname="Joss-HP" name="org.trapo.CoordinadorAreaControllerTests" tests="8" time="1.24" timestamp="2012-11-16T02:15:26">
  <properties />
  <testcase classname="org.trapo.CoordinadorAreaControllerTests" name="testCreate" time="0.58" />
  <testcase classname="org.trapo.CoordinadorAreaControllerTests" name="testEdit" time="0.13" />
  <testcase classname="org.trapo.CoordinadorAreaControllerTests" name="testList" time="0.06" />
  <testcase classname="org.trapo.CoordinadorAreaControllerTests" name="testUpdate" time="0.09">
    <failure message="Assertion failed: &#xa;&#xa;assert view == &quot;/coordinadorArea/edit&quot;&#xa;       |    |&#xa;       null false&#xa;" type="junit.framework.AssertionFailedError">junit.framework.AssertionFailedError: Assertion failed: 

assert view == &quot;/coordinadorArea/edit&quot;
       |    |
       null false

	at org.trapo.CoordinadorAreaControllerTests.testUpdate(CoordinadorAreaControllerTests.groovy:113)
</failure>
  </testcase>
  <testcase classname="org.trapo.CoordinadorAreaControllerTests" name="testIndex" time="0.05" />
  <testcase classname="org.trapo.CoordinadorAreaControllerTests" name="testDelete" time="0.06" />
  <testcase classname="org.trapo.CoordinadorAreaControllerTests" name="testSave" time="0.07" />
  <testcase classname="org.trapo.CoordinadorAreaControllerTests" name="testShow" time="0.07" />
  <system-out><![CDATA[--Output from testCreate--
--Output from testEdit--
--Output from testList--
--Output from testUpdate--
--Output from testIndex--
--Output from testDelete--
--Output from testSave--
--Output from testShow--
]]></system-out>
  <system-err><![CDATA[--Output from testCreate--
--Output from testEdit--
--Output from testList--
--Output from testUpdate--
--Output from testIndex--
--Output from testDelete--
--Output from testSave--
--Output from testShow--
]]></system-err>
</testsuite>
