<?xml version="1.0" encoding="UTF-8" ?>
<testsuite errors="0" failures="1" hostname="Joss-HP" name="org.trapo.AdministrativoControllerTests" tests="8" time="3.776" timestamp="2012-11-16T02:15:21">
  <properties />
  <testcase classname="org.trapo.AdministrativoControllerTests" name="testCreate" time="1.986" />
  <testcase classname="org.trapo.AdministrativoControllerTests" name="testEdit" time="1.03" />
  <testcase classname="org.trapo.AdministrativoControllerTests" name="testList" time="0.1" />
  <testcase classname="org.trapo.AdministrativoControllerTests" name="testUpdate" time="0.19">
    <failure message="Assertion failed: &#xa;&#xa;assert view == &quot;/administrativo/edit&quot;&#xa;       |    |&#xa;       null false&#xa;" type="junit.framework.AssertionFailedError">junit.framework.AssertionFailedError: Assertion failed: 

assert view == &quot;/administrativo/edit&quot;
       |    |
       null false

	at org.trapo.AdministrativoControllerTests.testUpdate(AdministrativoControllerTests.groovy:114)
</failure>
  </testcase>
  <testcase classname="org.trapo.AdministrativoControllerTests" name="testIndex" time="0.06" />
  <testcase classname="org.trapo.AdministrativoControllerTests" name="testDelete" time="0.08" />
  <testcase classname="org.trapo.AdministrativoControllerTests" name="testSave" time="0.12" />
  <testcase classname="org.trapo.AdministrativoControllerTests" name="testShow" time="0.06" />
  <system-out><![CDATA[--Output from testCreate--
--Output from testEdit--
--Output from testList--
--Output from testUpdate--
--Output from testIndex--
--Output from testDelete--
--Output from testSave--
--Output from testShow--
]]></system-out>
  <system-err><![CDATA[--Output from testCreate--
--Output from testEdit--
--Output from testList--
--Output from testUpdate--
--Output from testIndex--
--Output from testDelete--
--Output from testSave--
--Output from testShow--
]]></system-err>
</testsuite>
