<?xml version="1.0" encoding="UTF-8" ?>
<testsuite errors="0" failures="0" hostname="Joss-HP" name="org.trapo.ExamenesOrdExtraordTests" tests="1" time="0.28" timestamp="2012-11-16T02:15:31">
  <properties />
  <testcase classname="org.trapo.ExamenesOrdExtraordTests" name="testSomething" time="0.14" />
  <system-out><![CDATA[--Output from testSomething--
Estoy funcionando]]></system-out>
  <system-err><![CDATA[--Output from testSomething--
]]></system-err>
</testsuite>
