<?xml version="1.0" encoding="UTF-8" ?>
<testsuite errors="1" failures="0" hostname="ISAAC-PC" name="org.trapo.UsuarioTests" tests="1" time="0.074" timestamp="2012-11-10T07:18:41">
  <properties />
  <testcase classname="org.trapo.UsuarioTests" name="initializationError" time="0.049">
    <error message="No runnable methods" type="java.lang.Exception">java.lang.Exception: No runnable methods
</error>
  </testcase>
  <system-out><![CDATA[--Output from initializationError--
]]></system-out>
  <system-err><![CDATA[--Output from initializationError--
]]></system-err>
</testsuite>
